<?xml version="1.0" encoding="UTF-8"?>
<!-- Generated by org.testng.reporters.JUnitReportReporter -->
<testsuite hostname="DESKTOP-VND2EAK" failures="0" tests="1" name="com.tests.LogoutTest" time="13.473" errors="0" timestamp="2023-11-17T16:25:08 IST" skipped="0">
  <testcase classname="com.tests.LogoutTest" name="loginlogout" time="13.473"/>
</testsuite> <!-- com.tests.LogoutTest -->
