<?xml version="1.0" encoding="UTF-8"?>
<!-- Generated by org.testng.reporters.JUnitReportReporter -->
<testsuite hostname="DESKTOP-VND2EAK" failures="0" tests="1" name="com.tests.Address_Change" time="43.843" errors="0" timestamp="2023-11-17T18:09:47 IST" skipped="0">
  <testcase classname="com.tests.Address_Change" name="validatingAdd" time="43.843"/>
</testsuite> <!-- com.tests.Address_Change -->
